2014-05-20 07:49:13.215+0000 INFO  [o.n.k.i.DiagnosticsManager]: --- INITIALIZED diagnostics START ---
2014-05-20 07:49:13.215+0000 INFO  [o.n.k.i.DiagnosticsManager]: Neo4j Kernel properties:
2014-05-20 07:49:13.215+0000 INFO  [o.n.k.i.DiagnosticsManager]: neostore.propertystore.db.mapped_memory=806M
2014-05-20 07:49:13.215+0000 INFO  [o.n.k.i.DiagnosticsManager]: neostore.nodestore.db.mapped_memory=223M
2014-05-20 07:49:13.215+0000 INFO  [o.n.k.i.DiagnosticsManager]: allow_store_upgrade=false
2014-05-20 07:49:13.215+0000 INFO  [o.n.k.i.DiagnosticsManager]: neostore.relationshipstore.db.mapped_memory=987M
2014-05-20 07:49:13.215+0000 INFO  [o.n.k.i.DiagnosticsManager]: neostore.propertystore.db.strings.mapped_memory=685M
2014-05-20 07:49:13.215+0000 INFO  [o.n.k.i.DiagnosticsManager]: store_dir=/Users/SMD/Developer/neo4j/neoRails3/db/ha_neo_1/temp-copy
2014-05-20 07:49:13.215+0000 INFO  [o.n.k.i.DiagnosticsManager]: keep_logical_logs=true
2014-05-20 07:49:13.215+0000 INFO  [o.n.k.i.DiagnosticsManager]: neostore.propertystore.db.arrays.mapped_memory=777M
2014-05-20 07:49:13.215+0000 INFO  [o.n.k.i.DiagnosticsManager]: ephemeral=false
2014-05-20 07:49:13.215+0000 INFO  [o.n.k.i.DiagnosticsManager]: Diagnostics providers:
2014-05-20 07:49:13.215+0000 INFO  [o.n.k.i.DiagnosticsManager]: org.neo4j.kernel.configuration.Config
2014-05-20 07:49:13.215+0000 INFO  [o.n.k.i.DiagnosticsManager]: org.neo4j.kernel.info.DiagnosticsManager
2014-05-20 07:49:13.215+0000 INFO  [o.n.k.i.DiagnosticsManager]: SYSTEM_MEMORY
2014-05-20 07:49:13.215+0000 INFO  [o.n.k.i.DiagnosticsManager]: JAVA_MEMORY
2014-05-20 07:49:13.215+0000 INFO  [o.n.k.i.DiagnosticsManager]: OPERATING_SYSTEM
2014-05-20 07:49:13.215+0000 INFO  [o.n.k.i.DiagnosticsManager]: JAVA_VIRTUAL_MACHINE
2014-05-20 07:49:13.215+0000 INFO  [o.n.k.i.DiagnosticsManager]: CLASSPATH
2014-05-20 07:49:13.215+0000 INFO  [o.n.k.i.DiagnosticsManager]: LIBRARY_PATH
2014-05-20 07:49:13.215+0000 INFO  [o.n.k.i.DiagnosticsManager]: SYSTEM_PROPERTIES
2014-05-20 07:49:13.216+0000 INFO  [o.n.k.i.DiagnosticsManager]: NETWORK
2014-05-20 07:49:13.216+0000 INFO  [o.n.k.i.DiagnosticsManager]: NodeCache
2014-05-20 07:49:13.216+0000 INFO  [o.n.k.i.DiagnosticsManager]: RelationshipCache
2014-05-20 07:49:13.216+0000 INFO  [o.n.k.i.DiagnosticsManager]: System memory information:
2014-05-20 07:49:13.216+0000 INFO  [o.n.k.i.DiagnosticsManager]: Total Physical memory: 8.00 GB
2014-05-20 07:49:13.216+0000 INFO  [o.n.k.i.DiagnosticsManager]: Free Physical memory: 239.59 MB
2014-05-20 07:49:13.216+0000 INFO  [o.n.k.i.DiagnosticsManager]: Committed virtual memory: 3.13 GB
2014-05-20 07:49:13.216+0000 INFO  [o.n.k.i.DiagnosticsManager]: Total swap space: 1.00 GB
2014-05-20 07:49:13.216+0000 INFO  [o.n.k.i.DiagnosticsManager]: Free swap space: 1.00 GB
2014-05-20 07:49:13.217+0000 INFO  [o.n.k.i.DiagnosticsManager]: JVM memory information:
2014-05-20 07:49:13.217+0000 INFO  [o.n.k.i.DiagnosticsManager]: Free  memory: 83.04 MB
2014-05-20 07:49:13.217+0000 INFO  [o.n.k.i.DiagnosticsManager]: Total memory: 225.00 MB
2014-05-20 07:49:13.217+0000 INFO  [o.n.k.i.DiagnosticsManager]: Max   memory: 444.50 MB
2014-05-20 07:49:13.217+0000 INFO  [o.n.k.i.DiagnosticsManager]: Garbage Collector: PS Scavenge: [PS Eden Space, PS Survivor Space]
2014-05-20 07:49:13.217+0000 INFO  [o.n.k.i.DiagnosticsManager]: Garbage Collector: PS MarkSweep: [PS Eden Space, PS Survivor Space, PS Old Gen, PS Perm Gen]
2014-05-20 07:49:13.217+0000 INFO  [o.n.k.i.DiagnosticsManager]: Memory Pool: Code Cache (Non-heap memory): committed=3.56 MB, used=3.39 MB, max=48.00 MB, threshold=0.00 B
2014-05-20 07:49:13.218+0000 INFO  [o.n.k.i.DiagnosticsManager]: Memory Pool: PS Eden Space (Heap memory): committed=120.00 MB, used=86.63 MB, max=123.50 MB, threshold=?
2014-05-20 07:49:13.218+0000 INFO  [o.n.k.i.DiagnosticsManager]: Memory Pool: PS Survivor Space (Heap memory): committed=20.00 MB, used=19.98 MB, max=20.00 MB, threshold=?
2014-05-20 07:49:13.218+0000 INFO  [o.n.k.i.DiagnosticsManager]: Memory Pool: PS Old Gen (Heap memory): committed=85.00 MB, used=35.34 MB, max=333.00 MB, threshold=0.00 B
2014-05-20 07:49:13.218+0000 INFO  [o.n.k.i.DiagnosticsManager]: Memory Pool: PS Perm Gen (Non-heap memory): committed=43.00 MB, used=42.61 MB, max=82.00 MB, threshold=0.00 B
2014-05-20 07:49:13.218+0000 INFO  [o.n.k.i.DiagnosticsManager]: Operating system information:
2014-05-20 07:49:13.219+0000 INFO  [o.n.k.i.DiagnosticsManager]: Operating System: Mac OS X; version: 10.9.2; arch: x86_64; cpus: 4
2014-05-20 07:49:13.219+0000 INFO  [o.n.k.i.DiagnosticsManager]: Max number of file descriptors: 10240
2014-05-20 07:49:13.219+0000 INFO  [o.n.k.i.DiagnosticsManager]: Number of open file descriptors: 123
2014-05-20 07:49:13.219+0000 INFO  [o.n.k.i.DiagnosticsManager]: Process id: 6226@Saads-Mac-Pro.local
2014-05-20 07:49:13.219+0000 INFO  [o.n.k.i.DiagnosticsManager]: Byte order: LITTLE_ENDIAN
2014-05-20 07:49:13.219+0000 INFO  [o.n.k.i.DiagnosticsManager]: Local timezone: Asia/Karachi
2014-05-20 07:49:13.219+0000 INFO  [o.n.k.i.DiagnosticsManager]: JVM information:
2014-05-20 07:49:13.219+0000 INFO  [o.n.k.i.DiagnosticsManager]: VM Name: Java HotSpot(TM) 64-Bit Server VM
2014-05-20 07:49:13.219+0000 INFO  [o.n.k.i.DiagnosticsManager]: VM Vendor: Oracle Corporation
2014-05-20 07:49:13.219+0000 INFO  [o.n.k.i.DiagnosticsManager]: VM Version: 24.55-b03
2014-05-20 07:49:13.219+0000 INFO  [o.n.k.i.DiagnosticsManager]: JIT compiler: HotSpot 64-Bit Tiered Compilers
2014-05-20 07:49:13.219+0000 INFO  [o.n.k.i.DiagnosticsManager]: VM Arguments: [-Djdk.home=, -Djruby.home=/Users/SMD/.rbenv/versions/jruby-1.7.9, -Djruby.script=jruby, -Djruby.shell=/bin/sh, -Djffi.boot.library.path=/Users/SMD/.rbenv/versions/jruby-1.7.9/lib/jni:/Users/SMD/.rbenv/versions/jruby-1.7.9/lib/jni/Darwin, -Xmx500m, -Xss2048k, -Xbootclasspath/a:/Users/SMD/.rbenv/versions/jruby-1.7.9/lib/jruby.jar, -Dfile.encoding=UTF-8]
2014-05-20 07:49:13.219+0000 INFO  [o.n.k.i.DiagnosticsManager]: Java classpath:
2014-05-20 07:49:13.221+0000 INFO  [o.n.k.i.DiagnosticsManager]:  [loader.0] file:/Users/SMD/.rbenv/versions/jruby-1.7.9/lib/ruby/gems/shared/gems/therubyrhino_jar-1.7.4/jar/rhino-1.7R4.jar
2014-05-20 07:49:13.221+0000 INFO  [o.n.k.i.DiagnosticsManager]:  [loader.0] file:/Users/SMD/.rbenv/versions/jruby-1.7.9/lib/ruby/shared/kryptcore.jar
2014-05-20 07:49:13.221+0000 INFO  [o.n.k.i.DiagnosticsManager]:  [loader.0] file:/Users/SMD/.rbenv/versions/jruby-1.7.9/lib/ruby/gems/shared/gems/neo4j-community-1.9.5-java/lib/neo4j-community/jars/neo4j-cypher-1.9.5.jar
2014-05-20 07:49:13.221+0000 INFO  [o.n.k.i.DiagnosticsManager]:  [loader.2] file:/System/Library/Java/Extensions/MRJToolkit.jar
2014-05-20 07:49:13.221+0000 INFO  [o.n.k.i.DiagnosticsManager]:  [loader.0] file:/Users/SMD/.rbenv/versions/jruby-1.7.9/lib/ruby/gems/shared/gems/bouncy-castle-java-1.5.0147/lib/bcprov-jdk15on-147.jar
2014-05-20 07:49:13.221+0000 INFO  [o.n.k.i.DiagnosticsManager]:  [bootstrap] /Users/SMD/.rbenv/versions/jruby-1.7.9/lib/jruby.jar
2014-05-20 07:49:13.221+0000 INFO  [o.n.k.i.DiagnosticsManager]:  [loader.0] file:/Users/SMD/.rbenv/versions/jruby-1.7.9/lib/ruby/gems/shared/gems/json-1.8.1-java/lib/json/ext/generator.jar
2014-05-20 07:49:13.221+0000 INFO  [o.n.k.i.DiagnosticsManager]:  [loader.0] file:/Users/SMD/.rbenv/versions/jruby-1.7.9/lib/ruby/gems/shared/gems/neo4j-community-1.9.5-java/lib/neo4j-community/jars/server-api-1.9.5.jar
2014-05-20 07:49:13.221+0000 INFO  [o.n.k.i.DiagnosticsManager]:  [loader.0] file:/Users/SMD/.rbenv/versions/jruby-1.7.9/lib/ruby/gems/shared/gems/neo4j-community-1.9.5-java/lib/neo4j-community/jars/neo4j-lucene-index-1.9.5.jar
2014-05-20 07:49:13.221+0000 INFO  [o.n.k.i.DiagnosticsManager]:  [loader.0] file:/Users/SMD/.rbenv/versions/jruby-1.7.9/lib/ruby/gems/shared/gems/neo4j-enterprise-1.9.5-java/lib/neo4j-enterprise/jars/logback-access-0.9.30.jar
2014-05-20 07:49:13.221+0000 INFO  [o.n.k.i.DiagnosticsManager]:  [loader.0] file:/Users/SMD/.rbenv/versions/jruby-1.7.9/lib/ruby/gems/shared/gems/neo4j-enterprise-1.9.5-java/lib/neo4j-enterprise/jars/neo4j-cluster-1.9.5.jar
2014-05-20 07:49:13.221+0000 INFO  [o.n.k.i.DiagnosticsManager]:  [loader.0] file:/Users/SMD/.rbenv/versions/jruby-1.7.9/lib/ruby/gems/shared/gems/neo4j-enterprise-1.9.5-java/lib/neo4j-enterprise/jars/neo4j-ha-1.9.5.jar
2014-05-20 07:49:13.221+0000 INFO  [o.n.k.i.DiagnosticsManager]:  [loader.2] file:/Library/Java/JavaVirtualMachines/jdk1.7.0_55.jdk/Contents/Home/jre/lib/ext/sunpkcs11.jar
2014-05-20 07:49:13.221+0000 INFO  [o.n.k.i.DiagnosticsManager]:  [classpath + loader.1] file:/Users/SMD/Developer/neo4j/neoRails3/
2014-05-20 07:49:13.221+0000 INFO  [o.n.k.i.DiagnosticsManager]:  [loader.0] file:/Users/SMD/.rbenv/versions/jruby-1.7.9/lib/ruby/gems/shared/gems/neo4j-advanced-1.9.5-java/lib/neo4j-advanced/jars/neo4j-management-1.9.5.jar
2014-05-20 07:49:13.221+0000 INFO  [o.n.k.i.DiagnosticsManager]:  [loader.2] file:/System/Library/Java/Extensions/QTJava.zip
2014-05-20 07:49:13.221+0000 INFO  [o.n.k.i.DiagnosticsManager]:  [loader.0] file:/Users/SMD/.rbenv/versions/jruby-1.7.9/lib/ruby/gems/shared/gems/jruby-openssl-0.9.4/lib/jopenssl.jar
2014-05-20 07:49:13.221+0000 INFO  [o.n.k.i.DiagnosticsManager]:  [loader.0] file:/Users/SMD/.rbenv/versions/jruby-1.7.9/lib/ruby/gems/shared/gems/neo4j-enterprise-1.9.5-java/lib/neo4j-enterprise/jars/slf4j-api-1.6.2.jar
2014-05-20 07:49:13.221+0000 INFO  [o.n.k.i.DiagnosticsManager]:  [bootstrap] /Library/Java/JavaVirtualMachines/jdk1.7.0_55.jdk/Contents/Home/jre/lib/jce.jar
2014-05-20 07:49:13.221+0000 INFO  [o.n.k.i.DiagnosticsManager]:  [loader.0] file:/Users/SMD/.rbenv/versions/jruby-1.7.9/lib/ruby/gems/shared/gems/neo4j-enterprise-1.9.5-java/lib/neo4j-enterprise/jars/server-api-1.9.5.jar
2014-05-20 07:49:13.221+0000 INFO  [o.n.k.i.DiagnosticsManager]:  [bootstrap] /Library/Java/JavaVirtualMachines/jdk1.7.0_55.jdk/Contents/Home/jre/lib/sunrsasign.jar
2014-05-20 07:49:13.221+0000 INFO  [o.n.k.i.DiagnosticsManager]:  [loader.2] file:/System/Library/Java/Extensions/libQTJNative.jnilib
2014-05-20 07:49:13.221+0000 INFO  [o.n.k.i.DiagnosticsManager]:  [bootstrap] /Library/Java/JavaVirtualMachines/jdk1.7.0_55.jdk/Contents/Home/jre/lib/jfr.jar
2014-05-20 07:49:13.221+0000 INFO  [o.n.k.i.DiagnosticsManager]:  [loader.0] file:/Users/SMD/.rbenv/versions/jruby-1.7.9/lib/ruby/gems/shared/gems/neo4j-community-1.9.5-java/lib/neo4j-community/jars/scala-library-2.10.0.jar
2014-05-20 07:49:13.221+0000 INFO  [o.n.k.i.DiagnosticsManager]:  [loader.0] file:/Users/SMD/.rbenv/versions/jruby-1.7.9/lib/ruby/gems/shared/gems/neo4j-enterprise-1.9.5-java/lib/neo4j-enterprise/jars/log4j-1.2.16.jar
2014-05-20 07:49:13.221+0000 INFO  [o.n.k.i.DiagnosticsManager]:  [loader.0] file:/Users/SMD/.rbenv/versions/jruby-1.7.9/lib/ruby/gems/shared/gems/bouncy-castle-java-1.5.0147/lib/bcpkix-jdk15on-147.jar
2014-05-20 07:49:13.221+0000 INFO  [o.n.k.i.DiagnosticsManager]:  [loader.0] file:/Users/SMD/.rbenv/versions/jruby-1.7.9/lib/ruby/gems/shared/gems/neo4j-community-1.9.5-java/lib/neo4j-community/jars/neo4j-graph-algo-1.9.5.jar
2014-05-20 07:49:13.221+0000 INFO  [o.n.k.i.DiagnosticsManager]:  [loader.0] file:/Users/SMD/.rbenv/versions/jruby-1.7.9/lib/ruby/gems/shared/gems/neo4j-community-1.9.5-java/lib/neo4j-community/jars/lucene-core-3.6.2.jar
2014-05-20 07:49:13.221+0000 INFO  [o.n.k.i.DiagnosticsManager]:  [loader.0] file:/Users/SMD/.rbenv/versions/jruby-1.7.9/lib/ruby/gems/shared/gems/neo4j-enterprise-1.9.5-java/lib/neo4j-enterprise/jars/neo4j-com-1.9.5.jar
2014-05-20 07:49:13.221+0000 INFO  [o.n.k.i.DiagnosticsManager]:  [loader.2] file:/Library/Java/JavaVirtualMachines/jdk1.7.0_55.jdk/Contents/Home/jre/lib/ext/localedata.jar
2014-05-20 07:49:13.221+0000 INFO  [o.n.k.i.DiagnosticsManager]:  [loader.2] file:/Library/Java/JavaVirtualMachines/jdk1.7.0_55.jdk/Contents/Home/jre/lib/ext/dnsns.jar
2014-05-20 07:49:13.221+0000 INFO  [o.n.k.i.DiagnosticsManager]:  [loader.0] file:/Users/SMD/.rbenv/versions/jruby-1.7.9/lib/ruby/gems/shared/gems/neo4j-community-1.9.5-java/lib/neo4j-community/jars/geronimo-jta_1.1_spec-1.1.1.jar
2014-05-20 07:49:13.222+0000 INFO  [o.n.k.i.DiagnosticsManager]:  [bootstrap] /Library/Java/JavaVirtualMachines/jdk1.7.0_55.jdk/Contents/Home/jre/lib/resources.jar
2014-05-20 07:49:13.222+0000 INFO  [o.n.k.i.DiagnosticsManager]:  [bootstrap] /Library/Java/JavaVirtualMachines/jdk1.7.0_55.jdk/Contents/Home/jre/lib/charsets.jar
2014-05-20 07:49:13.222+0000 INFO  [o.n.k.i.DiagnosticsManager]:  [loader.0] file:/Users/SMD/.rbenv/versions/jruby-1.7.9/lib/ruby/gems/shared/gems/neo4j-community-1.9.5-java/lib/neo4j-community/jars/neo4j-kernel-1.9.5.jar
2014-05-20 07:49:13.222+0000 INFO  [o.n.k.i.DiagnosticsManager]:  [loader.0] file:/Users/SMD/.rbenv/versions/jruby-1.7.9/lib/ruby/gems/shared/gems/neo4j-community-1.9.5-java/lib/neo4j-community/jars/concurrentlinkedhashmap-lru-1.3.1.jar
2014-05-20 07:49:13.222+0000 INFO  [o.n.k.i.DiagnosticsManager]:  [loader.2] file:/Library/Java/JavaVirtualMachines/jdk1.7.0_55.jdk/Contents/Home/jre/lib/ext/sunec.jar
2014-05-20 07:49:13.222+0000 INFO  [o.n.k.i.DiagnosticsManager]:  [loader.0] file:/Users/SMD/.rbenv/versions/jruby-1.7.9/lib/ruby/gems/shared/gems/neo4j-core-2.3.0-java/lib/neo4j-core/jars/neo4jrb-adaptor.jar
2014-05-20 07:49:13.222+0000 INFO  [o.n.k.i.DiagnosticsManager]:  [loader.0] file:/Users/SMD/.rbenv/versions/jruby-1.7.9/lib/ruby/gems/shared/gems/json-1.8.1-java/lib/json/ext/parser.jar
2014-05-20 07:49:13.222+0000 INFO  [o.n.k.i.DiagnosticsManager]:  [loader.0] file:/Users/SMD/.rbenv/versions/jruby-1.7.9/lib/ruby/gems/shared/gems/neo4j-enterprise-1.9.5-java/lib/neo4j-enterprise/jars/logback-core-0.9.30.jar
2014-05-20 07:49:13.222+0000 INFO  [o.n.k.i.DiagnosticsManager]:  [loader.0] file:/Users/SMD/.rbenv/versions/jruby-1.7.9/lib/ruby/gems/shared/gems/neo4j-enterprise-1.9.5-java/lib/neo4j-enterprise/jars/neo4j-backup-1.9.5.jar
2014-05-20 07:49:13.222+0000 INFO  [o.n.k.i.DiagnosticsManager]:  [bootstrap] /Library/Java/JavaVirtualMachines/jdk1.7.0_55.jdk/Contents/Home/jre/lib/rt.jar
2014-05-20 07:49:13.222+0000 INFO  [o.n.k.i.DiagnosticsManager]:  [loader.0] file:/Users/SMD/.rbenv/versions/jruby-1.7.9/lib/ruby/shared/kryptproviderjdk.jar
2014-05-20 07:49:13.222+0000 INFO  [o.n.k.i.DiagnosticsManager]:  [loader.0] file:/Users/SMD/.rbenv/versions/jruby-1.7.9/lib/ruby/gems/shared/gems/neo4j-community-1.9.5-java/lib/neo4j-community/jars/neo4j-jmx-1.9.5.jar
2014-05-20 07:49:13.222+0000 INFO  [o.n.k.i.DiagnosticsManager]:  [loader.0] file:/Users/SMD/.rbenv/versions/jruby-1.7.9/lib/ruby/gems/shared/gems/neo4j-community-1.9.5-java/lib/neo4j-community/jars/neo4j-udc-1.9.5.jar
2014-05-20 07:49:13.222+0000 INFO  [o.n.k.i.DiagnosticsManager]:  [loader.2] file:/Library/Java/JavaVirtualMachines/jdk1.7.0_55.jdk/Contents/Home/jre/lib/ext/sunjce_provider.jar
2014-05-20 07:49:13.222+0000 INFO  [o.n.k.i.DiagnosticsManager]:  [loader.0] file:/Users/SMD/.rbenv/versions/jruby-1.7.9/lib/ruby/gems/shared/gems/neo4j-community-1.9.5-java/lib/neo4j-community/jars/neo4j-graph-matching-1.9.5.jar
2014-05-20 07:49:13.222+0000 INFO  [o.n.k.i.DiagnosticsManager]:  [bootstrap] /Library/Java/JavaVirtualMachines/jdk1.7.0_55.jdk/Contents/Home/jre/lib/jsse.jar
2014-05-20 07:49:13.222+0000 INFO  [o.n.k.i.DiagnosticsManager]:  [bootstrap] /Library/Java/JavaVirtualMachines/jdk1.7.0_55.jdk/Contents/Home/jre/classes
2014-05-20 07:49:13.222+0000 INFO  [o.n.k.i.DiagnosticsManager]:  [loader.0] file:/Users/SMD/.rbenv/versions/jruby-1.7.9/lib/ruby/gems/shared/gems/neo4j-enterprise-1.9.5-java/lib/neo4j-enterprise/jars/zookeeper-3.3.2.jar
2014-05-20 07:49:13.222+0000 INFO  [o.n.k.i.DiagnosticsManager]:  [loader.0] file:/Users/SMD/.rbenv/versions/jruby-1.7.9/lib/ruby/gems/shared/gems/neo4j-enterprise-1.9.5-java/lib/neo4j-enterprise/jars/neo4j-udc-1.9.5.jar
2014-05-20 07:49:13.222+0000 INFO  [o.n.k.i.DiagnosticsManager]:  [loader.2] file:/Library/Java/JavaVirtualMachines/jdk1.7.0_55.jdk/Contents/Home/jre/lib/ext/zipfs.jar
2014-05-20 07:49:13.222+0000 INFO  [o.n.k.i.DiagnosticsManager]:  [loader.0] file:/Users/SMD/.rbenv/versions/jruby-1.7.9/lib/ruby/gems/shared/gems/neo4j-enterprise-1.9.5-java/lib/neo4j-enterprise/jars/netty-3.6.3.Final.jar
2014-05-20 07:49:13.222+0000 INFO  [o.n.k.i.DiagnosticsManager]:  [loader.0] file:/Users/SMD/.rbenv/versions/jruby-1.7.9/lib/ruby/gems/shared/gems/neo4j-enterprise-1.9.5-java/lib/neo4j-enterprise/jars/logback-classic-0.9.30.jar
2014-05-20 07:49:13.222+0000 INFO  [o.n.k.i.DiagnosticsManager]:  [loader.0] file:/Users/SMD/.rbenv/versions/jruby-1.7.9/lib/ruby/gems/shared/gems/neo4j-enterprise-1.9.5-java/lib/neo4j-enterprise/jars/neo4j-consistency-check-1.9.5.jar
2014-05-20 07:49:13.222+0000 INFO  [o.n.k.i.DiagnosticsManager]: Library path:
2014-05-20 07:49:13.222+0000 INFO  [o.n.k.i.DiagnosticsManager]: /Users/SMD/Library/Java/Extensions
2014-05-20 07:49:13.222+0000 INFO  [o.n.k.i.DiagnosticsManager]: /Library/Java/Extensions
2014-05-20 07:49:13.222+0000 INFO  [o.n.k.i.DiagnosticsManager]: /Network/Library/Java/Extensions
2014-05-20 07:49:13.222+0000 INFO  [o.n.k.i.DiagnosticsManager]: /System/Library/Java/Extensions
2014-05-20 07:49:13.222+0000 INFO  [o.n.k.i.DiagnosticsManager]: /usr/lib/java
2014-05-20 07:49:13.222+0000 INFO  [o.n.k.i.DiagnosticsManager]: /Users/SMD/Developer/neo4j/neoRails3
2014-05-20 07:49:13.222+0000 INFO  [o.n.k.i.DiagnosticsManager]: System.properties:
2014-05-20 07:49:13.222+0000 INFO  [o.n.k.i.DiagnosticsManager]: jruby.home = /Users/SMD/.rbenv/versions/jruby-1.7.9
2014-05-20 07:49:13.222+0000 INFO  [o.n.k.i.DiagnosticsManager]: sun.boot.library.path = /Library/Java/JavaVirtualMachines/jdk1.7.0_55.jdk/Contents/Home/jre/lib
2014-05-20 07:49:13.223+0000 INFO  [o.n.k.i.DiagnosticsManager]: gopherProxySet = false
2014-05-20 07:49:13.223+0000 INFO  [o.n.k.i.DiagnosticsManager]: path.separator = :
2014-05-20 07:49:13.223+0000 INFO  [o.n.k.i.DiagnosticsManager]: file.encoding.pkg = sun.io
2014-05-20 07:49:13.223+0000 INFO  [o.n.k.i.DiagnosticsManager]: user.country = US
2014-05-20 07:49:13.223+0000 INFO  [o.n.k.i.DiagnosticsManager]: sun.java.launcher = SUN_STANDARD
2014-05-20 07:49:13.223+0000 INFO  [o.n.k.i.DiagnosticsManager]: sun.os.patch.level = unknown
2014-05-20 07:49:13.223+0000 INFO  [o.n.k.i.DiagnosticsManager]: user.dir = /Users/SMD/Developer/neo4j/neoRails3
2014-05-20 07:49:13.223+0000 INFO  [o.n.k.i.DiagnosticsManager]: neo4j.ext.udc.source = neo4rb
2014-05-20 07:49:13.223+0000 INFO  [o.n.k.i.DiagnosticsManager]: jdk.home = 
2014-05-20 07:49:13.223+0000 INFO  [o.n.k.i.DiagnosticsManager]: sun.jnu.encoding = UTF-8
2014-05-20 07:49:13.223+0000 INFO  [o.n.k.i.DiagnosticsManager]: sun.nio.ch.bugLevel = 
2014-05-20 07:49:13.223+0000 INFO  [o.n.k.i.DiagnosticsManager]: sun.management.compiler = HotSpot 64-Bit Tiered Compilers
2014-05-20 07:49:13.223+0000 INFO  [o.n.k.i.DiagnosticsManager]: http.nonProxyHosts = local|*.local|169.254/16|*.169.254/16
2014-05-20 07:49:13.223+0000 INFO  [o.n.k.i.DiagnosticsManager]: jffi.boot.library.path = /Users/SMD/.rbenv/versions/jruby-1.7.9/lib/jni:/Users/SMD/.rbenv/versions/jruby-1.7.9/lib/jni/Darwin
2014-05-20 07:49:13.223+0000 INFO  [o.n.k.i.DiagnosticsManager]: user.home = /Users/SMD
2014-05-20 07:49:13.223+0000 INFO  [o.n.k.i.DiagnosticsManager]: user.timezone = Asia/Karachi
2014-05-20 07:49:13.223+0000 INFO  [o.n.k.i.DiagnosticsManager]: file.encoding = UTF-8
2014-05-20 07:49:13.223+0000 INFO  [o.n.k.i.DiagnosticsManager]: jruby.script = jruby
2014-05-20 07:49:13.223+0000 INFO  [o.n.k.i.DiagnosticsManager]: user.name = SMD
2014-05-20 07:49:13.223+0000 INFO  [o.n.k.i.DiagnosticsManager]: jruby.shell = /bin/sh
2014-05-20 07:49:13.223+0000 INFO  [o.n.k.i.DiagnosticsManager]: sun.java.command = org/jruby/Main script/rails s
2014-05-20 07:49:13.223+0000 INFO  [o.n.k.i.DiagnosticsManager]: sun.arch.data.model = 64
2014-05-20 07:49:13.223+0000 INFO  [o.n.k.i.DiagnosticsManager]: user.language = en
2014-05-20 07:49:13.223+0000 INFO  [o.n.k.i.DiagnosticsManager]: awt.toolkit = sun.lwawt.macosx.LWCToolkit
2014-05-20 07:49:13.223+0000 INFO  [o.n.k.i.DiagnosticsManager]: file.separator = /
2014-05-20 07:49:13.223+0000 INFO  [o.n.k.i.DiagnosticsManager]: sun.io.unicode.encoding = UnicodeBig
2014-05-20 07:49:13.223+0000 INFO  [o.n.k.i.DiagnosticsManager]: sun.cpu.endian = little
2014-05-20 07:49:13.223+0000 INFO  [o.n.k.i.DiagnosticsManager]: socksNonProxyHosts = local|*.local|169.254/16|*.169.254/16
2014-05-20 07:49:13.223+0000 INFO  [o.n.k.i.DiagnosticsManager]: ftp.nonProxyHosts = local|*.local|169.254/16|*.169.254/16
2014-05-20 07:49:13.223+0000 INFO  [o.n.k.i.DiagnosticsManager]: sun.cpu.isalist = 
2014-05-20 07:49:13.223+0000 INFO  [o.n.k.i.DiagnosticsManager]: Network information:
2014-05-20 07:49:13.224+0000 INFO  [o.n.k.i.DiagnosticsManager]: Interface utun0:
2014-05-20 07:49:13.224+0000 INFO  [o.n.k.i.DiagnosticsManager]:     address: fd2f:dcd4:d944:4ae7:4e:1f7c:f3e6:6d0c
2014-05-20 07:49:13.224+0000 INFO  [o.n.k.i.DiagnosticsManager]:     address: fe80:0:0:0:4e:1f7c:f3e6:6d0c%5
2014-05-20 07:49:13.224+0000 INFO  [o.n.k.i.DiagnosticsManager]: Interface en0:
2014-05-20 07:49:13.224+0000 INFO  [o.n.k.i.DiagnosticsManager]:     address: fe80:0:0:0:76d4:35ff:fe82:d00c%4
2014-05-20 07:49:13.224+0000 INFO  [o.n.k.i.DiagnosticsManager]:     address: 192.168.15.20
2014-05-20 07:49:13.224+0000 INFO  [o.n.k.i.DiagnosticsManager]: Interface lo0:
2014-05-20 07:49:13.224+0000 INFO  [o.n.k.i.DiagnosticsManager]:     address: fe80:0:0:0:0:0:0:1%1
2014-05-20 07:49:13.224+0000 INFO  [o.n.k.i.DiagnosticsManager]:     address: 0:0:0:0:0:0:0:1
2014-05-20 07:49:13.224+0000 INFO  [o.n.k.i.DiagnosticsManager]:     address: 127.0.0.1
2014-05-20 07:49:13.224+0000 INFO  [o.n.k.i.DiagnosticsManager]: --- INITIALIZED diagnostics END ---
2014-05-20 07:49:13.241+0000 INFO  [o.n.k.i.n.s.StoreFactory]: /Users/SMD/Developer/neo4j/neoRails3/db/ha_neo_1/temp-copy/neostore.relationshiptypestore.db.names non clean shutdown detected
2014-05-20 07:49:13.241+0000 INFO  [o.n.k.i.n.s.StoreFactory]: [/Users/SMD/Developer/neo4j/neoRails3/db/ha_neo_1/temp-copy/neostore.relationshiptypestore.db.names] brickCount=0 brickSize=0b mappedMem=0b (storeSize=114b)
2014-05-20 07:49:13.241+0000 INFO  [o.n.k.i.n.s.StoreFactory]: /Users/SMD/Developer/neo4j/neoRails3/db/ha_neo_1/temp-copy/neostore.relationshiptypestore.db non clean shutdown detected
2014-05-20 07:49:13.241+0000 INFO  [o.n.k.i.n.s.StoreFactory]: [/Users/SMD/Developer/neo4j/neoRails3/db/ha_neo_1/temp-copy/neostore.relationshiptypestore.db] brickCount=0 brickSize=0b mappedMem=0b (storeSize=10b)
2014-05-20 07:49:13.242+0000 INFO  [o.n.k.i.n.s.StoreFactory]: /Users/SMD/Developer/neo4j/neoRails3/db/ha_neo_1/temp-copy/neostore.propertystore.db.strings non clean shutdown detected
2014-05-20 07:49:13.242+0000 INFO  [o.n.k.i.n.s.StoreFactory]: [/Users/SMD/Developer/neo4j/neoRails3/db/ha_neo_1/temp-copy/neostore.propertystore.db.strings] brickCount=0 brickSize=718208b mappedMem=718274560b (storeSize=128b)
2014-05-20 07:49:13.242+0000 INFO  [o.n.k.i.n.s.StoreFactory]: /Users/SMD/Developer/neo4j/neoRails3/db/ha_neo_1/temp-copy/neostore.propertystore.db.index.keys non clean shutdown detected
2014-05-20 07:49:13.242+0000 INFO  [o.n.k.i.n.s.StoreFactory]: [/Users/SMD/Developer/neo4j/neoRails3/db/ha_neo_1/temp-copy/neostore.propertystore.db.index.keys] brickCount=0 brickSize=0b mappedMem=0b (storeSize=38038b)
2014-05-20 07:49:13.242+0000 INFO  [o.n.k.i.n.s.StoreFactory]: /Users/SMD/Developer/neo4j/neoRails3/db/ha_neo_1/temp-copy/neostore.propertystore.db.index non clean shutdown detected
2014-05-20 07:49:13.242+0000 INFO  [o.n.k.i.n.s.StoreFactory]: [/Users/SMD/Developer/neo4j/neoRails3/db/ha_neo_1/temp-copy/neostore.propertystore.db.index] brickCount=0 brickSize=0b mappedMem=0b (storeSize=9009b)
2014-05-20 07:49:13.242+0000 INFO  [o.n.k.i.n.s.StoreFactory]: /Users/SMD/Developer/neo4j/neoRails3/db/ha_neo_1/temp-copy/neostore.propertystore.db.arrays non clean shutdown detected
2014-05-20 07:49:13.242+0000 INFO  [o.n.k.i.n.s.StoreFactory]: [/Users/SMD/Developer/neo4j/neoRails3/db/ha_neo_1/temp-copy/neostore.propertystore.db.arrays] brickCount=0 brickSize=814720b mappedMem=814743552b (storeSize=128b)
2014-05-20 07:49:13.246+0000 INFO  [o.n.k.i.n.s.StoreFactory]: /Users/SMD/Developer/neo4j/neoRails3/db/ha_neo_1/temp-copy/neostore.propertystore.db non clean shutdown detected
2014-05-20 07:49:13.246+0000 INFO  [o.n.k.i.n.s.StoreFactory]: [/Users/SMD/Developer/neo4j/neoRails3/db/ha_neo_1/temp-copy/neostore.propertystore.db] brickCount=0 brickSize=845133b mappedMem=845152256b (storeSize=41041b)
2014-05-20 07:49:13.246+0000 INFO  [o.n.k.i.n.s.StoreFactory]: /Users/SMD/Developer/neo4j/neoRails3/db/ha_neo_1/temp-copy/neostore.relationshipstore.db non clean shutdown detected
2014-05-20 07:49:13.246+0000 INFO  [o.n.k.i.n.s.StoreFactory]: [/Users/SMD/Developer/neo4j/neoRails3/db/ha_neo_1/temp-copy/neostore.relationshipstore.db] brickCount=0 brickSize=1034913b mappedMem=1034944512b (storeSize=33033b)
2014-05-20 07:49:13.246+0000 INFO  [o.n.k.i.n.s.StoreFactory]: /Users/SMD/Developer/neo4j/neoRails3/db/ha_neo_1/temp-copy/neostore.nodestore.db non clean shutdown detected
2014-05-20 07:49:13.247+0000 INFO  [o.n.k.i.n.s.StoreFactory]: [/Users/SMD/Developer/neo4j/neoRails3/db/ha_neo_1/temp-copy/neostore.nodestore.db] brickCount=1 brickSize=233829b mappedMem=233832448b (storeSize=242829b)
2014-05-20 07:49:13.247+0000 INFO  [o.n.k.i.n.s.StoreFactory]: /Users/SMD/Developer/neo4j/neoRails3/db/ha_neo_1/temp-copy/neostore non clean shutdown detected
2014-05-20 07:49:13.247+0000 INFO  [o.n.k.i.n.s.StoreFactory]: [/Users/SMD/Developer/neo4j/neoRails3/db/ha_neo_1/temp-copy/neostore] brickCount=0 brickSize=0b mappedMem=0b (storeSize=54b)
2014-05-20 07:49:13.247+0000 INFO  [o.n.k.i.t.x.XaLogicalLog]: Opened logical log [/Users/SMD/Developer/neo4j/neoRails3/db/ha_neo_1/temp-copy/nioneo_logical.log.1] version=5, lastTxId=6 (clean)
2014-05-20 07:49:13.249+0000 INFO  [o.n.k.i.n.s.StoreFactory]: /Users/SMD/Developer/neo4j/neoRails3/db/ha_neo_1/temp-copy/neostore.relationshiptypestore.db.names rebuild id generator, highId=3 defragged count=0
2014-05-20 07:49:13.260+0000 INFO  [o.n.k.i.n.s.StoreFactory]: /Users/SMD/Developer/neo4j/neoRails3/db/ha_neo_1/temp-copy/neostore.propertystore.db.index.keys rebuild id generator, highId=8 defragged count=0
2014-05-20 07:49:13.268+0000 INFO  [o.n.k.i.n.s.StoreFactory]: /Users/SMD/Developer/neo4j/neoRails3/db/ha_neo_1/temp-copy/neostore.propertystore.db.index rebuild id generator, highId=8 defragged count=0
2014-05-20 07:49:13.270+0000 INFO  [o.n.k.i.n.s.StoreFactory]: /Users/SMD/Developer/neo4j/neoRails3/db/ha_neo_1/temp-copy/neostore.propertystore.db.strings rebuild id generator, highId=1 defragged count=0
2014-05-20 07:49:13.271+0000 INFO  [o.n.k.i.n.s.StoreFactory]: /Users/SMD/Developer/neo4j/neoRails3/db/ha_neo_1/temp-copy/neostore.propertystore.db.arrays rebuild id generator, highId=1 defragged count=0
2014-05-20 07:49:13.289+0000 INFO  [o.n.k.i.n.s.StoreFactory]: /Users/SMD/Developer/neo4j/neoRails3/db/ha_neo_1/temp-copy/neostore.propertystore.db rebuild id generator, highId=7 defragged count=0
2014-05-20 07:49:13.296+0000 INFO  [o.n.k.i.n.s.StoreFactory]: /Users/SMD/Developer/neo4j/neoRails3/db/ha_neo_1/temp-copy/neostore.relationshipstore.db rebuild id generator, highId=3 defragged count=0
2014-05-20 07:49:13.303+0000 INFO  [o.n.k.i.n.s.StoreFactory]: /Users/SMD/Developer/neo4j/neoRails3/db/ha_neo_1/temp-copy/neostore.nodestore.db rebuild id generator, highId=25983 defragged count=0
2014-05-20 07:49:13.304+0000 INFO  [o.n.k.i.n.s.StoreFactory]: /Users/SMD/Developer/neo4j/neoRails3/db/ha_neo_1/temp-copy/neostore rebuild id generator, highId=6 defragged count=0
2014-05-20 07:49:13.306+0000 INFO  [o.n.k.i.t.TxManager]: TM new log: tm_tx_log.1
2014-05-20 07:49:13.336+0000 INFO  [o.n.b.BackupServer]: BackupServer communication server started and bound to 0.0.0.0/0.0.0.0:6362
2014-05-20 07:49:13.337+0000 INFO  [o.n.k.i.t.x.XaLogicalLog]: Opened logical log [/Users/SMD/Developer/neo4j/neoRails3/db/ha_neo_1/temp-copy/index/lucene.log.1] version=5, lastTxId=1 (clean)
2014-05-20 07:49:13.339+0000 INFO  [o.n.k.i.DiagnosticsManager]: --- STARTED diagnostics for KernelDiagnostics:Versions START ---
2014-05-20 07:49:13.339+0000 INFO  [o.n.k.i.DiagnosticsManager]: Graph Database: org.neo4j.kernel.EmbeddedGraphDatabase StoreId[time:1400568792368, id:-2696219911755227437, store version: 13561656364791302]
2014-05-20 07:49:13.339+0000 INFO  [o.n.k.i.DiagnosticsManager]: Kernel version: Neo4j - Graph Database Kernel 1.9.5
2014-05-20 07:49:13.339+0000 INFO  [o.n.k.i.DiagnosticsManager]: Neo4j component versions:
2014-05-20 07:49:13.340+0000 INFO  [o.n.k.i.DiagnosticsManager]:   Neo4j - Graph Database Kernel 1.9.5
2014-05-20 07:49:13.340+0000 INFO  [o.n.k.i.DiagnosticsManager]: --- STARTED diagnostics for KernelDiagnostics:Versions END ---
2014-05-20 07:49:13.342+0000 INFO  [o.n.k.i.DiagnosticsManager]: --- STARTED diagnostics for NEO_STORE_VERSIONS START ---
2014-05-20 07:49:13.342+0000 INFO  [o.n.k.i.DiagnosticsManager]: Store versions:
2014-05-20 07:49:13.342+0000 INFO  [o.n.k.i.DiagnosticsManager]: Store versions:
2014-05-20 07:49:13.342+0000 INFO  [o.n.k.i.DiagnosticsManager]:   NeoStore v0.A.0
2014-05-20 07:49:13.342+0000 INFO  [o.n.k.i.DiagnosticsManager]:   NodeStore v0.A.0
2014-05-20 07:49:13.342+0000 INFO  [o.n.k.i.DiagnosticsManager]:   RelationshipStore v0.A.0
2014-05-20 07:49:13.342+0000 INFO  [o.n.k.i.DiagnosticsManager]:   RelationshipTypeStore v0.A.0
2014-05-20 07:49:13.342+0000 INFO  [o.n.k.i.DiagnosticsManager]:   PropertyStore v0.A.0
2014-05-20 07:49:13.342+0000 INFO  [o.n.k.i.DiagnosticsManager]:   PropertyIndexStore v0.A.0
2014-05-20 07:49:13.342+0000 INFO  [o.n.k.i.DiagnosticsManager]:   StringPropertyStore v0.A.0
2014-05-20 07:49:13.342+0000 INFO  [o.n.k.i.DiagnosticsManager]:   ArrayPropertyStore v0.A.0
2014-05-20 07:49:13.342+0000 INFO  [o.n.k.i.DiagnosticsManager]: --- STARTED diagnostics for NEO_STORE_VERSIONS END ---
2014-05-20 07:49:13.342+0000 INFO  [o.n.k.i.DiagnosticsManager]: --- STARTED diagnostics for NEO_STORE_ID_USAGE START ---
2014-05-20 07:49:13.342+0000 INFO  [o.n.k.i.DiagnosticsManager]: Id usage:
2014-05-20 07:49:13.342+0000 INFO  [o.n.k.i.DiagnosticsManager]: Id usage:
2014-05-20 07:49:13.343+0000 INFO  [o.n.k.i.DiagnosticsManager]:   NodeStore: used=26981 high=26980
2014-05-20 07:49:13.343+0000 INFO  [o.n.k.i.DiagnosticsManager]:   RelationshipStore: used=1001 high=1000
2014-05-20 07:49:13.343+0000 INFO  [o.n.k.i.DiagnosticsManager]:   RelationshipTypeStore: used=2 high=1
2014-05-20 07:49:13.343+0000 INFO  [o.n.k.i.DiagnosticsManager]:   PropertyStore: used=1001 high=1000
2014-05-20 07:49:13.343+0000 INFO  [o.n.k.i.DiagnosticsManager]:   PropertyIndexStore: used=1001 high=1000
2014-05-20 07:49:13.343+0000 INFO  [o.n.k.i.DiagnosticsManager]:   StringPropertyStore: used=1 high=0
2014-05-20 07:49:13.343+0000 INFO  [o.n.k.i.DiagnosticsManager]:   ArrayPropertyStore: used=1 high=0
2014-05-20 07:49:13.343+0000 INFO  [o.n.k.i.DiagnosticsManager]: --- STARTED diagnostics for NEO_STORE_ID_USAGE END ---
2014-05-20 07:49:13.343+0000 INFO  [o.n.k.i.DiagnosticsManager]: --- STARTED diagnostics for PERSISTENCE_WINDOW_POOL_STATS START ---
2014-05-20 07:49:13.343+0000 INFO  [o.n.k.i.DiagnosticsManager]: --- STARTED diagnostics for PERSISTENCE_WINDOW_POOL_STATS END ---
2014-05-20 07:49:13.343+0000 INFO  [o.n.k.i.DiagnosticsManager]: --- STARTED diagnostics for KernelDiagnostics:StoreFiles START ---
2014-05-20 07:49:13.344+0000 INFO  [o.n.k.i.DiagnosticsManager]: Disk space on partition (Total / Free / Free %): 300004888576 / 207618674688 / 69
Storage files: (filename : modification date - size)
2014-05-20 07:49:13.344+0000 INFO  [o.n.k.i.DiagnosticsManager]:   active_tx_log: 2014-05-20T12:49:13+0500 - 11.00 B
2014-05-20 07:49:13.344+0000 INFO  [o.n.k.i.DiagnosticsManager]:   index:
2014-05-20 07:49:13.344+0000 INFO  [o.n.k.i.DiagnosticsManager]:     lucene-store.db: 2014-05-20T12:49:13+0500 - 40.00 B
2014-05-20 07:49:13.344+0000 INFO  [o.n.k.i.DiagnosticsManager]:     lucene.log.1: 2014-05-20T12:49:13+0500 - 16.00 B
2014-05-20 07:49:13.344+0000 INFO  [o.n.k.i.DiagnosticsManager]:     lucene.log.active: 2014-05-20T12:49:13+0500 - 4.00 B
2014-05-20 07:49:13.345+0000 INFO  [o.n.k.i.DiagnosticsManager]:   - Total: 2014-05-20T12:49:13+0500 - 60.00 B
2014-05-20 07:49:13.345+0000 INFO  [o.n.k.i.DiagnosticsManager]:   lock: 2014-05-20T12:49:13+0500 - 0.00 B
2014-05-20 07:49:13.345+0000 INFO  [o.n.k.i.DiagnosticsManager]:   messages.log: 2014-05-20T12:49:13+0500 - 31.81 kB
2014-05-20 07:49:13.345+0000 INFO  [o.n.k.i.DiagnosticsManager]:   neostore: 2014-05-20T12:49:13+0500 - 54.00 B
2014-05-20 07:49:13.345+0000 INFO  [o.n.k.i.DiagnosticsManager]:   neostore.id: 2014-05-20T12:49:13+0500 - 9.00 B
2014-05-20 07:49:13.345+0000 INFO  [o.n.k.i.DiagnosticsManager]:   neostore.nodestore.db: 2014-05-20T12:49:13+0500 - 237.14 kB
2014-05-20 07:49:13.346+0000 INFO  [o.n.k.i.DiagnosticsManager]:   neostore.nodestore.db.id: 2014-05-20T12:49:13+0500 - 9.00 B
2014-05-20 07:49:13.346+0000 INFO  [o.n.k.i.DiagnosticsManager]:   neostore.propertystore.db: 2014-05-20T12:49:13+0500 - 40.08 kB
2014-05-20 07:49:13.346+0000 INFO  [o.n.k.i.DiagnosticsManager]:   neostore.propertystore.db.arrays: 2014-05-20T12:49:13+0500 - 128.00 B
2014-05-20 07:49:13.346+0000 INFO  [o.n.k.i.DiagnosticsManager]:   neostore.propertystore.db.arrays.id: 2014-05-20T12:49:13+0500 - 9.00 B
2014-05-20 07:49:13.346+0000 INFO  [o.n.k.i.DiagnosticsManager]:   neostore.propertystore.db.id: 2014-05-20T12:49:13+0500 - 9.00 B
2014-05-20 07:49:13.346+0000 INFO  [o.n.k.i.DiagnosticsManager]:   neostore.propertystore.db.index: 2014-05-20T12:49:13+0500 - 8.80 kB
2014-05-20 07:49:13.347+0000 INFO  [o.n.k.i.DiagnosticsManager]:   neostore.propertystore.db.index.id: 2014-05-20T12:49:13+0500 - 9.00 B
2014-05-20 07:49:13.347+0000 INFO  [o.n.k.i.DiagnosticsManager]:   neostore.propertystore.db.index.keys: 2014-05-20T12:49:13+0500 - 37.15 kB
2014-05-20 07:49:13.347+0000 INFO  [o.n.k.i.DiagnosticsManager]:   neostore.propertystore.db.index.keys.id: 2014-05-20T12:49:13+0500 - 9.00 B
2014-05-20 07:49:13.347+0000 INFO  [o.n.k.i.DiagnosticsManager]:   neostore.propertystore.db.strings: 2014-05-20T12:49:13+0500 - 128.00 B
2014-05-20 07:49:13.347+0000 INFO  [o.n.k.i.DiagnosticsManager]:   neostore.propertystore.db.strings.id: 2014-05-20T12:49:13+0500 - 9.00 B
2014-05-20 07:49:13.347+0000 INFO  [o.n.k.i.DiagnosticsManager]:   neostore.relationshipstore.db: 2014-05-20T12:49:13+0500 - 32.26 kB
2014-05-20 07:49:13.347+0000 INFO  [o.n.k.i.DiagnosticsManager]:   neostore.relationshipstore.db.id: 2014-05-20T12:49:13+0500 - 9.00 B
2014-05-20 07:49:13.348+0000 INFO  [o.n.k.i.DiagnosticsManager]:   neostore.relationshiptypestore.db: 2014-05-20T12:49:13+0500 - 10.00 B
2014-05-20 07:49:13.348+0000 INFO  [o.n.k.i.DiagnosticsManager]:   neostore.relationshiptypestore.db.id: 2014-05-20T12:49:13+0500 - 9.00 B
2014-05-20 07:49:13.348+0000 INFO  [o.n.k.i.DiagnosticsManager]:   neostore.relationshiptypestore.db.names: 2014-05-20T12:49:13+0500 - 114.00 B
2014-05-20 07:49:13.348+0000 INFO  [o.n.k.i.DiagnosticsManager]:   neostore.relationshiptypestore.db.names.id: 2014-05-20T12:49:13+0500 - 9.00 B
2014-05-20 07:49:13.348+0000 INFO  [o.n.k.i.DiagnosticsManager]:   nioneo_logical.log.1: 2014-05-20T12:49:13+0500 - 16.00 B
2014-05-20 07:49:13.348+0000 INFO  [o.n.k.i.DiagnosticsManager]:   nioneo_logical.log.active: 2014-05-20T12:49:13+0500 - 4.00 B
2014-05-20 07:49:13.349+0000 INFO  [o.n.k.i.DiagnosticsManager]:   nioneo_logical.log.v0: 2014-05-20T12:49:13+0500 - 16.00 B
2014-05-20 07:49:13.349+0000 INFO  [o.n.k.i.DiagnosticsManager]:   nioneo_logical.log.v1: 2014-05-20T12:49:13+0500 - 16.00 B
2014-05-20 07:49:13.349+0000 INFO  [o.n.k.i.DiagnosticsManager]:   nioneo_logical.log.v2: 2014-05-20T12:49:13+0500 - 1.97 kB
2014-05-20 07:49:13.349+0000 INFO  [o.n.k.i.DiagnosticsManager]:   nioneo_logical.log.v3: 2014-05-20T12:49:13+0500 - 16.00 B
2014-05-20 07:49:13.349+0000 INFO  [o.n.k.i.DiagnosticsManager]:   nioneo_logical.log.v4: 2014-05-20T12:49:13+0500 - 16.00 B
2014-05-20 07:49:13.349+0000 INFO  [o.n.k.i.DiagnosticsManager]:   store_lock: 2014-05-20T12:49:13+0500 - 0.00 B
2014-05-20 07:49:13.350+0000 INFO  [o.n.k.i.DiagnosticsManager]:   tm_tx_log.1: 2014-05-20T12:49:13+0500 - 0.00 B
2014-05-20 07:49:13.350+0000 INFO  [o.n.k.i.DiagnosticsManager]: --- STARTED diagnostics for KernelDiagnostics:StoreFiles END ---
2014-05-20 07:49:13.350+0000 INFO  [o.n.k.EmbeddedGraphDatabase]: GC Monitor started. 
2014-05-20 07:49:13.371+0000 INFO  [o.n.k.EmbeddedGraphDatabase]: Database is now ready
2014-05-20 07:49:13.374+0000 INFO  [o.n.k.EmbeddedGraphDatabase]: Shutdown started
2014-05-20 07:49:13.374+0000 INFO  [o.n.k.EmbeddedGraphDatabase]: Database is no longer ready
2014-05-20 07:49:13.374+0000 INFO  [o.n.k.EmbeddedGraphDatabase]: GC Monitor stopped. 
2014-05-20 07:49:13.376+0000 INFO  [o.n.k.i.t.x.XaLogicalLog]: Closed log /Users/SMD/Developer/neo4j/neoRails3/db/ha_neo_1/temp-copy/index/lucene.log
2014-05-20 07:49:13.380+0000 INFO  [o.n.k.i.t.TxManager]: TM shutting down
2014-05-20 07:49:13.381+0000 INFO  [o.n.k.i.t.x.XaLogicalLog]: Closed log /Users/SMD/Developer/neo4j/neoRails3/db/ha_neo_1/temp-copy/nioneo_logical.log
2014-05-20 07:49:13.381+0000 INFO  [o.n.k.i.n.s.StoreFactory]: /Users/SMD/Developer/neo4j/neoRails3/db/ha_neo_1/temp-copy/neostore.relationshiptypestore.db.names hit=0 miss=4 switches=0 ooe=0
2014-05-20 07:49:13.382+0000 INFO  [o.n.k.i.n.s.StoreFactory]: /Users/SMD/Developer/neo4j/neoRails3/db/ha_neo_1/temp-copy/neostore.relationshiptypestore.db hit=0 miss=2 switches=0 ooe=0
2014-05-20 07:49:13.382+0000 INFO  [o.n.k.i.n.s.StoreFactory]: /Users/SMD/Developer/neo4j/neoRails3/db/ha_neo_1/temp-copy/neostore.propertystore.db.strings hit=0 miss=0 switches=0 ooe=0
2014-05-20 07:49:13.383+0000 INFO  [o.n.k.i.n.s.StoreFactory]: /Users/SMD/Developer/neo4j/neoRails3/db/ha_neo_1/temp-copy/neostore.propertystore.db.index.keys hit=0 miss=14 switches=0 ooe=0
2014-05-20 07:49:13.384+0000 INFO  [o.n.k.i.n.s.StoreFactory]: /Users/SMD/Developer/neo4j/neoRails3/db/ha_neo_1/temp-copy/neostore.propertystore.db.index hit=0 miss=1001 switches=0 ooe=0
2014-05-20 07:49:13.385+0000 INFO  [o.n.k.i.n.s.StoreFactory]: /Users/SMD/Developer/neo4j/neoRails3/db/ha_neo_1/temp-copy/neostore.propertystore.db.arrays hit=0 miss=0 switches=0 ooe=0
2014-05-20 07:49:13.386+0000 INFO  [o.n.k.i.n.s.StoreFactory]: /Users/SMD/Developer/neo4j/neoRails3/db/ha_neo_1/temp-copy/neostore.propertystore.db hit=0 miss=0 switches=0 ooe=0
2014-05-20 07:49:13.386+0000 INFO  [o.n.k.i.n.s.StoreFactory]: /Users/SMD/Developer/neo4j/neoRails3/db/ha_neo_1/temp-copy/neostore.relationshipstore.db hit=0 miss=0 switches=0 ooe=0
2014-05-20 07:49:13.387+0000 INFO  [o.n.k.i.n.s.StoreFactory]: /Users/SMD/Developer/neo4j/neoRails3/db/ha_neo_1/temp-copy/neostore.nodestore.db hit=0 miss=0 switches=0 ooe=0
2014-05-20 07:49:13.388+0000 INFO  [o.n.k.i.n.s.StoreFactory]: /Users/SMD/Developer/neo4j/neoRails3/db/ha_neo_1/temp-copy/neostore hit=0 miss=16 switches=0 ooe=0
2014-05-20 07:49:13.389+0000 INFO  [o.n.k.i.n.x.NeoStoreXaDataSource]: NeoStore closed
2014-05-20 07:49:13.389+0000 INFO  [o.n.k.i.DiagnosticsManager]: --- STOPPING diagnostics START ---
2014-05-20 07:49:13.389+0000 INFO  [o.n.k.i.DiagnosticsManager]: --- STOPPING diagnostics END ---
